<?xml version="1.0" encoding="UTF-8"?>
<!-- Generated by org.testng.reporters.JUnitReportReporter -->
<testsuite skipped="0" hostname="yawens-mbp.lan" name="base.ATT" tests="1" failures="0" timestamp="09 May 2018 05:56:16 GMT" time="30.331" errors="0">
  <testcase name="f" time="30.331" classname="base.ATT"/>
</testsuite> <!-- base.ATT -->
