<?xml version="1.0" encoding="UTF-8"?>
<!-- Generated by org.testng.reporters.JUnitReportReporter -->
<testsuite skipped="0" hostname="yawens-mbp.lan" name="regressionsuite.Firefox" tests="1" failures="0" timestamp="04 Apr 2018 22:15:23 GMT" time="5.305" errors="0">
  <testcase name="f" time="5.305" classname="regressionsuite.Firefox"/>
</testsuite> <!-- regressionsuite.Firefox -->
