<?xml version="1.0" encoding="UTF-8"?>
<!-- Generated by org.testng.reporters.JUnitReportReporter -->
<testsuite skipped="0" hostname="Yawens-MacBook-Pro.local" name="regressionsuite.TestNG_TestClass1" tests="2" failures="0" timestamp="23 Apr 2018 06:14:48 GMT" time="0.006" errors="0">
  <testcase name="testMethod1" time="0.004" classname="regressionsuite.TestNG_TestClass1"/>
  <testcase name="testMethod2" time="0.002" classname="regressionsuite.TestNG_TestClass1"/>
</testsuite> <!-- regressionsuite.TestNG_TestClass1 -->
