<?xml version="1.0" encoding="UTF-8"?>
<!-- Generated by org.testng.reporters.JUnitReportReporter -->
<testsuite skipped="0" hostname="yawens-mbp.lan" name="regressionsuite.TestNG_TestClass2" tests="2" failures="0" timestamp="04 Apr 2018 02:49:48 GMT" time="0.002" errors="0">
  <testcase name="testMethod1" time="0.001" classname="regressionsuite.TestNG_TestClass2"/>
  <testcase name="testMethod2" time="0.001" classname="regressionsuite.TestNG_TestClass2"/>
</testsuite> <!-- regressionsuite.TestNG_TestClass2 -->
