<?xml version="1.0" encoding="UTF-8"?>
<!-- Generated by org.testng.reporters.JUnitReportReporter -->
<testsuite skipped="0" hostname="Yawens-MacBook-Pro.local" name="regressionsuite.Chrome" tests="1" failures="0" timestamp="23 Apr 2018 06:16:07 GMT" time="5.985" errors="0">
  <testcase name="f" time="5.985" classname="regressionsuite.Chrome"/>
</testsuite> <!-- regressionsuite.Chrome -->
